Arguments: 
  /usr/local/bin/node /usr/local/bin/yarn add @polymerpaper-tabs@next --save

PATH: 
  /usr/local/bin:/usr/bin:/bin:/usr/sbin:/sbin:/usr/local/share/dotnet:/Library/Frameworks/Mono.framework/Versions/Current/Commands:/Applications/Wireshark.app/Contents/MacOS:/usr/local/git/bin:/Users/johngorter/Desktop/flutter/flutter/bin:/Users/johngorter/Desktop/flutter/flutter/bin/cache/dart-sdk/bin:/Users/johngorter/Desktop/emsdk/emsdk:/Users/johngorter/Desktop/emsdk/emsdk/clang/e1.37.22_64bit:/Users/johngorter/Desktop/emsdk/emsdk/node/4.1.1_64bit/bin:/Users/johngorter/Desktop/emsdk/emsdk/emscripten/1.37.22:/Users/JohnGorter/Library/Android/sdk/platform-tools

Yarn version: 
  0.27.5

Node version: 
  8.10.0

Platform: 
  darwin x64

npm manifest: 
  {
    "dependencies": {
      "@iconica/iconicaelements": "^1.0.34",
      "@polymer/app-layout": "^3.0.0-pre.1",
      "@polymer/iron-icons": "next",
      "@polymer/iron-pages": "next",
      "@polymer/paper-button": "next",
      "@polymer/paper-fab": "next",
      "@polymer/paper-icon-button": "next",
      "@polymer/paper-input": "next",
      "@polymer/paper-progress": "next",
      "@polymer/paper-tabs": "next",
      "@polymer/paper-toolbar": "next",
      "@polymer/polymer": "next",
      "lit-html": "^0.7.1",
      "webcomponents.js": "^0.7.24"
    }
  }

yarn manifest: 
  No manifest

Lockfile: 
  # THIS IS AN AUTOGENERATED FILE. DO NOT EDIT THIS FILE DIRECTLY.
  # yarn lockfile v1
  
  
  "@iconica/iconicaelements@^1.0.34":
    version "1.0.34"
    resolved "https://registry.yarnpkg.com/@iconica/iconicaelements/-/iconicaelements-1.0.34.tgz#b69f6f82f8e61cf475ff7631930639324b551de6"
    dependencies:
      "@polymer/app-layout" next
      "@polymer/paper-button" next
      "@polymer/paper-icon-button" next
      "@polymer/paper-input" next
      "@polymer/paper-progress" next
      "@polymer/polymer" next
  
  "@polymer/app-layout@^3.0.0-pre.1", "@polymer/app-layout@next":
    version "3.0.0-pre.11"
    resolved "https://registry.yarnpkg.com/@polymer/app-layout/-/app-layout-3.0.0-pre.11.tgz#c4a098dff4074c583c4a596b53ffa98519cc70f9"
    dependencies:
      "@polymer/iron-flex-layout" "^3.0.0-pre.10"
      "@polymer/iron-media-query" "^3.0.0-pre.10"
      "@polymer/iron-resizable-behavior" "^3.0.0-pre.10"
      "@polymer/iron-scroll-target-behavior" "^3.0.0-pre.10"
      "@polymer/polymer" "^3.0.0-pre.10"
  
  "@polymer/font-roboto@^3.0.0-pre.10":
    version "3.0.0-pre.11"
    resolved "https://registry.yarnpkg.com/@polymer/font-roboto/-/font-roboto-3.0.0-pre.11.tgz#12aecd9110c5ca516cd49d3516ba4eda765fa062"
  
  "@polymer/iron-a11y-announcer@^3.0.0-pre.10":
    version "3.0.0-pre.11"
    resolved "https://registry.yarnpkg.com/@polymer/iron-a11y-announcer/-/iron-a11y-announcer-3.0.0-pre.11.tgz#c938480b4ddefcad87aced29d959f82a5c6136b9"
    dependencies:
      "@polymer/polymer" "^3.0.0-pre.10"
  
  "@polymer/iron-a11y-keys-behavior@^3.0.0-pre.10":
    version "3.0.0-pre.11"
    resolved "https://registry.yarnpkg.com/@polymer/iron-a11y-keys-behavior/-/iron-a11y-keys-behavior-3.0.0-pre.11.tgz#c13cb1f0cd6d96bbee92582a3bac7db42be857d2"
    dependencies:
      "@polymer/polymer" "^3.0.0-pre.10"
  
  "@polymer/iron-autogrow-textarea@^3.0.0-pre.10":
    version "3.0.0-pre.11"
    resolved "https://registry.yarnpkg.com/@polymer/iron-autogrow-textarea/-/iron-autogrow-textarea-3.0.0-pre.11.tgz#69419ed075f58699b34c137a62f4b74494d72205"
    dependencies:
      "@polymer/iron-behaviors" "^3.0.0-pre.10"
      "@polymer/iron-flex-layout" "^3.0.0-pre.10"
      "@polymer/iron-validatable-behavior" "^3.0.0-pre.10"
      "@polymer/polymer" "^3.0.0-pre.10"
  
  "@polymer/iron-behaviors@^3.0.0-pre.10":
    version "3.0.0-pre.11"
    resolved "https://registry.yarnpkg.com/@polymer/iron-behaviors/-/iron-behaviors-3.0.0-pre.11.tgz#e1eac561408f4b6d5ef8cf0a398e00398ca7a9e9"
    dependencies:
      "@polymer/iron-a11y-keys-behavior" "^3.0.0-pre.10"
      "@polymer/polymer" "^3.0.0-pre.10"
  
  "@polymer/iron-checked-element-behavior@^3.0.0-pre.10":
    version "3.0.0-pre.11"
    resolved "https://registry.yarnpkg.com/@polymer/iron-checked-element-behavior/-/iron-checked-element-behavior-3.0.0-pre.11.tgz#52f107afe283c9865100af81159ab36ff938b774"
    dependencies:
      "@polymer/iron-form-element-behavior" "^3.0.0-pre.10"
      "@polymer/iron-validatable-behavior" "^3.0.0-pre.10"
      "@polymer/polymer" "^3.0.0-pre.10"
  
  "@polymer/iron-flex-layout@^3.0.0-pre.10":
    version "3.0.0-pre.11"
    resolved "https://registry.yarnpkg.com/@polymer/iron-flex-layout/-/iron-flex-layout-3.0.0-pre.11.tgz#11b0c9e800ced13db0e2607ce3badf6d3dedb163"
    dependencies:
      "@polymer/polymer" "^3.0.0-pre.10"
  
  "@polymer/iron-form-element-behavior@^3.0.0-pre.10":
    version "3.0.0-pre.11"
    resolved "https://registry.yarnpkg.com/@polymer/iron-form-element-behavior/-/iron-form-element-behavior-3.0.0-pre.11.tgz#ee21cfc00a8dfb3d37995fc4769b04de8b5bd98f"
    dependencies:
      "@polymer/polymer" "^3.0.0-pre.10"
  
  "@polymer/iron-icon@^3.0.0-pre.10":
    version "3.0.0-pre.11"
    resolved "https://registry.yarnpkg.com/@polymer/iron-icon/-/iron-icon-3.0.0-pre.11.tgz#e5ffd1a54b02a206b0368b8766198631c1e6c959"
    dependencies:
      "@polymer/iron-flex-layout" "^3.0.0-pre.10"
      "@polymer/iron-meta" "^3.0.0-pre.10"
      "@polymer/polymer" "^3.0.0-pre.10"
  
  "@polymer/iron-icons@next":
    version "3.0.0-pre.11"
    resolved "https://registry.yarnpkg.com/@polymer/iron-icons/-/iron-icons-3.0.0-pre.11.tgz#d5a6ce49d38539e03953e8282e5e28bd0d921934"
    dependencies:
      "@polymer/iron-icon" "^3.0.0-pre.10"
      "@polymer/iron-iconset-svg" "^3.0.0-pre.10"
      "@polymer/polymer" "^3.0.0-pre.10"
  
  "@polymer/iron-iconset-svg@^3.0.0-pre.10":
    version "3.0.0-pre.11"
    resolved "https://registry.yarnpkg.com/@polymer/iron-iconset-svg/-/iron-iconset-svg-3.0.0-pre.11.tgz#ff413fe8d43a8eaebfc798fe4e4fc7ece09cb03c"
    dependencies:
      "@polymer/iron-meta" "^3.0.0-pre.10"
      "@polymer/polymer" "^3.0.0-pre.10"
  
  "@polymer/iron-input@^3.0.0-pre.10":
    version "3.0.0-pre.11"
    resolved "https://registry.yarnpkg.com/@polymer/iron-input/-/iron-input-3.0.0-pre.11.tgz#b789d76e22f3f02048ccd6f955740723db133be5"
    dependencies:
      "@polymer/iron-a11y-announcer" "^3.0.0-pre.10"
      "@polymer/iron-validatable-behavior" "^3.0.0-pre.10"
      "@polymer/polymer" "^3.0.0-pre.10"
  
  "@polymer/iron-media-query@^3.0.0-pre.10":
    version "3.0.0-pre.11"
    resolved "https://registry.yarnpkg.com/@polymer/iron-media-query/-/iron-media-query-3.0.0-pre.11.tgz#74f7726bad9ccfc25e94a74be701359a9e06daf3"
    dependencies:
      "@polymer/polymer" "^3.0.0-pre.10"
  
  "@polymer/iron-menu-behavior@^3.0.0-pre.10":
    version "3.0.0-pre.11"
    resolved "https://registry.yarnpkg.com/@polymer/iron-menu-behavior/-/iron-menu-behavior-3.0.0-pre.11.tgz#611e37ee4b4e0ec977d86b36f227e2df4f0fff3d"
    dependencies:
      "@polymer/iron-a11y-keys-behavior" "^3.0.0-pre.10"
      "@polymer/iron-flex-layout" "^3.0.0-pre.10"
      "@polymer/iron-selector" "^3.0.0-pre.10"
      "@polymer/polymer" "^3.0.0-pre.10"
  
  "@polymer/iron-meta@^3.0.0-pre.10":
    version "3.0.0-pre.11"
    resolved "https://registry.yarnpkg.com/@polymer/iron-meta/-/iron-meta-3.0.0-pre.11.tgz#a7525ccc64bdf222f8818fd8e088a003b3e053d0"
    dependencies:
      "@polymer/polymer" "^3.0.0-pre.10"
  
  "@polymer/iron-pages@next":
    version "3.0.0-pre.11"
    resolved "https://registry.yarnpkg.com/@polymer/iron-pages/-/iron-pages-3.0.0-pre.11.tgz#bb69575401d715b9ed592ec8f6110f3c1e19aad1"
    dependencies:
      "@polymer/iron-resizable-behavior" "^3.0.0-pre.10"
      "@polymer/iron-selector" "^3.0.0-pre.10"
      "@polymer/polymer" "^3.0.0-pre.10"
  
  "@polymer/iron-range-behavior@^3.0.0-pre.10":
    version "3.0.0-pre.11"
    resolved "https://registry.yarnpkg.com/@polymer/iron-range-behavior/-/iron-range-behavior-3.0.0-pre.11.tgz#6a8badd6e52446ab53af4d4df974c2d195cea51a"
    dependencies:
      "@polymer/polymer" "^3.0.0-pre.10"
  
  "@polymer/iron-resizable-behavior@^3.0.0-pre.10":
    version "3.0.0-pre.11"
    resolved "https://registry.yarnpkg.com/@polymer/iron-resizable-behavior/-/iron-resizable-behavior-3.0.0-pre.11.tgz#b2ed9e4a5b0a36e8e4309fe391e7e9c8d5b61c97"
    dependencies:
      "@polymer/polymer" "^3.0.0-pre.10"
  
  "@polymer/iron-scroll-target-behavior@^3.0.0-pre.10":
    version "3.0.0-pre.11"
    resolved "https://registry.yarnpkg.com/@polymer/iron-scroll-target-behavior/-/iron-scroll-target-behavior-3.0.0-pre.11.tgz#968cb33eaaff4d90dc1d6fcf3b1a2733c45890b9"
    dependencies:
      "@polymer/polymer" "^3.0.0-pre.10"
  
  "@polymer/iron-selector@^3.0.0-pre.10":
    version "3.0.0-pre.11"
    resolved "https://registry.yarnpkg.com/@polymer/iron-selector/-/iron-selector-3.0.0-pre.11.tgz#e35af82101f40727ef0877505b13c1ed8325c892"
    dependencies:
      "@polymer/polymer" "^3.0.0-pre.10"
  
  "@polymer/iron-validatable-behavior@^3.0.0-pre.10":
    version "3.0.0-pre.11"
    resolved "https://registry.yarnpkg.com/@polymer/iron-validatable-behavior/-/iron-validatable-behavior-3.0.0-pre.11.tgz#f27d565db0beaf852dd0aa2e9bd8096dabd4b12d"
    dependencies:
      "@polymer/iron-meta" "^3.0.0-pre.10"
      "@polymer/polymer" "^3.0.0-pre.10"
  
  "@polymer/paper-behaviors@^3.0.0-pre.10":
    version "3.0.0-pre.11"
    resolved "https://registry.yarnpkg.com/@polymer/paper-behaviors/-/paper-behaviors-3.0.0-pre.11.tgz#c3f15107a2b0221397f7fb1f737fd70936452315"
    dependencies:
      "@polymer/iron-behaviors" "^3.0.0-pre.10"
      "@polymer/iron-checked-element-behavior" "^3.0.0-pre.10"
      "@polymer/paper-ripple" "^3.0.0-pre.10"
      "@polymer/polymer" "^3.0.0-pre.10"
  
  "@polymer/paper-button@next":
    version "3.0.0-pre.11"
    resolved "https://registry.yarnpkg.com/@polymer/paper-button/-/paper-button-3.0.0-pre.11.tgz#5382985aa3811d057aa0acd65fc4645a135aa045"
    dependencies:
      "@polymer/iron-flex-layout" "^3.0.0-pre.10"
      "@polymer/paper-behaviors" "^3.0.0-pre.10"
      "@polymer/paper-styles" "^3.0.0-pre.10"
      "@polymer/polymer" "^3.0.0-pre.10"
  
  "@polymer/paper-fab@next":
    version "3.0.0-pre.11"
    resolved "https://registry.yarnpkg.com/@polymer/paper-fab/-/paper-fab-3.0.0-pre.11.tgz#5a35deb728f5e8f73ccbe3f071936adc9e40e8ae"
    dependencies:
      "@polymer/iron-flex-layout" "^3.0.0-pre.10"
      "@polymer/iron-icon" "^3.0.0-pre.10"
      "@polymer/paper-behaviors" "^3.0.0-pre.10"
      "@polymer/paper-styles" "^3.0.0-pre.10"
      "@polymer/polymer" "^3.0.0-pre.10"
  
  "@polymer/paper-icon-button@^3.0.0-pre.10", "@polymer/paper-icon-button@next":
    version "3.0.0-pre.11"
    resolved "https://registry.yarnpkg.com/@polymer/paper-icon-button/-/paper-icon-button-3.0.0-pre.11.tgz#f108cc2cd72eeb1174570723da49f2260b83ac9c"
    dependencies:
      "@polymer/iron-icon" "^3.0.0-pre.10"
      "@polymer/paper-behaviors" "^3.0.0-pre.10"
      "@polymer/paper-styles" "^3.0.0-pre.10"
      "@polymer/polymer" "^3.0.0-pre.10"
  
  "@polymer/paper-input@next":
    version "3.0.0-pre.11"
    resolved "https://registry.yarnpkg.com/@polymer/paper-input/-/paper-input-3.0.0-pre.11.tgz#c18bb7411edb137df5c52f2c9ea51a2862ecdbef"
    dependencies:
      "@polymer/iron-a11y-keys-behavior" "^3.0.0-pre.10"
      "@polymer/iron-autogrow-textarea" "^3.0.0-pre.10"
      "@polymer/iron-behaviors" "^3.0.0-pre.10"
      "@polymer/iron-form-element-behavior" "^3.0.0-pre.10"
      "@polymer/iron-input" "^3.0.0-pre.10"
      "@polymer/paper-styles" "^3.0.0-pre.10"
      "@polymer/polymer" "^3.0.0-pre.10"
  
  "@polymer/paper-progress@next":
    version "3.0.0-pre.11"
    resolved "https://registry.yarnpkg.com/@polymer/paper-progress/-/paper-progress-3.0.0-pre.11.tgz#bd0d9ac352c7f807ee5d2eeea10e77fe8262589f"
    dependencies:
      "@polymer/iron-flex-layout" "^3.0.0-pre.10"
      "@polymer/iron-range-behavior" "^3.0.0-pre.10"
      "@polymer/paper-styles" "^3.0.0-pre.10"
      "@polymer/polymer" "^3.0.0-pre.10"
  
  "@polymer/paper-ripple@^3.0.0-pre.10":
    version "3.0.0-pre.11"
    resolved "https://registry.yarnpkg.com/@polymer/paper-ripple/-/paper-ripple-3.0.0-pre.11.tgz#16f0197daa7c4ffefe924774b1a95d6cfda88766"
    dependencies:
      "@polymer/iron-a11y-keys-behavior" "^3.0.0-pre.10"
      "@polymer/polymer" "^3.0.0-pre.10"
  
  "@polymer/paper-styles@^3.0.0-pre.10":
    version "3.0.0-pre.11"
    resolved "https://registry.yarnpkg.com/@polymer/paper-styles/-/paper-styles-3.0.0-pre.11.tgz#27b21477f5ce441e3f25cb567b90fd42289aa744"
    dependencies:
      "@polymer/font-roboto" "^3.0.0-pre.10"
      "@polymer/iron-flex-layout" "^3.0.0-pre.10"
      "@polymer/polymer" "^3.0.0-pre.10"
  
  "@polymer/paper-tabs@next":
    version "3.0.0-pre.11"
    resolved "https://registry.yarnpkg.com/@polymer/paper-tabs/-/paper-tabs-3.0.0-pre.11.tgz#78077cf6777e6e77ee12f29b64f200b5294fb886"
    dependencies:
      "@polymer/iron-behaviors" "^3.0.0-pre.10"
      "@polymer/iron-flex-layout" "^3.0.0-pre.10"
      "@polymer/iron-icon" "^3.0.0-pre.10"
      "@polymer/iron-iconset-svg" "^3.0.0-pre.10"
      "@polymer/iron-menu-behavior" "^3.0.0-pre.10"
      "@polymer/iron-resizable-behavior" "^3.0.0-pre.10"
      "@polymer/paper-behaviors" "^3.0.0-pre.10"
      "@polymer/paper-icon-button" "^3.0.0-pre.10"
      "@polymer/paper-styles" "^3.0.0-pre.10"
      "@polymer/polymer" "^3.0.0-pre.10"
  
  "@polymer/paper-toolbar@next":
    version "3.0.0-pre.11"
    resolved "https://registry.yarnpkg.com/@polymer/paper-toolbar/-/paper-toolbar-3.0.0-pre.11.tgz#6764bcfb58ad938ccce5e55b2d2734ac6a92af18"
    dependencies:
      "@polymer/iron-flex-layout" "^3.0.0-pre.10"
      "@polymer/paper-styles" "^3.0.0-pre.10"
      "@polymer/polymer" "^3.0.0-pre.10"
  
  "@polymer/polymer@^3.0.0-pre.10", "@polymer/polymer@next":
    version "3.0.0-pre.11"
    resolved "https://registry.yarnpkg.com/@polymer/polymer/-/polymer-3.0.0-pre.11.tgz#614564493a05586ecd27c23cbdb79703d6374eed"
    dependencies:
      "@webcomponents/shadycss" "^1.0.0"
      "@webcomponents/webcomponentsjs" "^1.0.0"
  
  "@webcomponents/shadycss@^1.0.0":
    version "1.1.1"
    resolved "https://registry.yarnpkg.com/@webcomponents/shadycss/-/shadycss-1.1.1.tgz#abc821961c99a2b1c5e0f225cd01b139899ebc4c"
  
  "@webcomponents/webcomponentsjs@^1.0.0":
    version "1.1.0"
    resolved "https://registry.yarnpkg.com/@webcomponents/webcomponentsjs/-/webcomponentsjs-1.1.0.tgz#1392799c266fca142622a720176f688beb74d181"
  
  lit-html@^0.7.1:
    version "0.7.1"
    resolved "https://registry.yarnpkg.com/lit-html/-/lit-html-0.7.1.tgz#61785045cf84f9ee955fa078c2985b52b765ad16"
  
  webcomponents.js@^0.7.24:
    version "0.7.24"
    resolved "https://registry.yarnpkg.com/webcomponents.js/-/webcomponents.js-0.7.24.tgz#2116fbfa1468ec416a7befdaa333e1d118f69c04"

Trace: 
  Error: https://registry.yarnpkg.com/@polymerpaper-tabs: Not found
      at Request.params.callback [as _callback] (/usr/local/lib/node_modules/yarn/lib/util/request-manager.js:326:18)
      at Request.self.callback (/usr/local/lib/node_modules/yarn/node_modules/request/request.js:188:22)
      at emitTwo (events.js:126:13)
      at Request.emit (events.js:214:7)
      at Request.<anonymous> (/usr/local/lib/node_modules/yarn/node_modules/request/request.js:1171:10)
      at emitOne (events.js:116:13)
      at Request.emit (events.js:211:7)
      at IncomingMessage.<anonymous> (/usr/local/lib/node_modules/yarn/node_modules/request/request.js:1091:12)
      at Object.onceWrapper (events.js:313:30)
      at emitNone (events.js:111:20)
